[debug] [2024-10-31T03:56:42.111Z] ----------------------------------------------------------------------
[debug] [2024-10-31T03:56:42.117Z] Command:       C:\Program Files\nodejs\node.exe C:\Users\User\AppData\Roaming\npm\node_modules\firebase-tools\lib\bin\firebase.js emulators:start
[debug] [2024-10-31T03:56:42.118Z] CLI Version:   13.23.1
[debug] [2024-10-31T03:56:42.118Z] Platform:      win32
[debug] [2024-10-31T03:56:42.118Z] Node Version:  v20.14.0
[debug] [2024-10-31T03:56:42.118Z] Time:          Thu Oct 31 2024 00:56:42 GMT-0300 (hora estándar de Argentina)
[debug] [2024-10-31T03:56:42.119Z] ----------------------------------------------------------------------
[debug] 
[debug] [2024-10-31T03:56:42.356Z] > command requires scopes: ["email","openid","https://www.googleapis.com/auth/cloudplatformprojects.readonly","https://www.googleapis.com/auth/firebase","https://www.googleapis.com/auth/cloud-platform"]
[debug] [2024-10-31T03:56:42.357Z] > authorizing via signed-in user (saintmn@gmail.com)
[debug] [2024-10-31T03:56:42.600Z] java version "21.0.5" 2024-10-15 LTS

[debug] [2024-10-31T03:56:42.601Z] Java(TM) SE Runtime Environment (build 21.0.5+9-LTS-239)
Java HotSpot(TM) 64-Bit Server VM (build 21.0.5+9-LTS-239, mixed mode, sharing)

[debug] [2024-10-31T03:56:42.635Z] Parsed Java major version: 21
[info] i  emulators: Starting emulators: firestore, hosting, storage {"metadata":{"emulator":{"name":"hub"},"message":"Starting emulators: firestore, hosting, storage"}}
[debug] [2024-10-31T03:56:42.665Z] [logging] Logging Emulator only supports listening on one address (127.0.0.1). Not listening on ::1
[debug] [2024-10-31T03:56:42.665Z] [firestore] Firestore Emulator only supports listening on one address (127.0.0.1). Not listening on ::1
[debug] [2024-10-31T03:56:42.666Z] [firestore.websocket] websocket server for firestore only supports listening on one address (127.0.0.1). Not listening on ::1
[debug] [2024-10-31T03:56:42.666Z] [hosting] Hosting Emulator only supports listening on one address (127.0.0.1). Not listening on ::1
[debug] [2024-10-31T03:56:42.666Z] [storage] Storage Emulator only supports listening on one address (127.0.0.1). Not listening on ::1
[debug] [2024-10-31T03:56:42.666Z] assigned listening specs for emulators {"user":{"hub":[{"address":"127.0.0.1","family":"IPv4","port":4400},{"address":"::1","family":"IPv6","port":4400}],"ui":[{"address":"127.0.0.1","family":"IPv4","port":4000},{"address":"::1","family":"IPv6","port":4000}],"logging":[{"address":"127.0.0.1","family":"IPv4","port":4500}],"firestore":[{"address":"127.0.0.1","family":"IPv4","port":8080}],"firestore.websocket":[{"address":"127.0.0.1","family":"IPv4","port":9150}],"hosting":[{"address":"127.0.0.1","family":"IPv4","port":5000}],"storage":[{"address":"127.0.0.1","family":"IPv4","port":9199}]},"metadata":{"message":"assigned listening specs for emulators"}}
[debug] [2024-10-31T03:56:42.674Z] [hub] writing locator at C:\Users\User\AppData\Local\Temp\hub-proyect-40616.json
[info] i  firestore: downloading cloud-firestore-emulator-v1.19.8.jar... {"metadata":{"emulator":{"name":"firestore"},"message":"downloading cloud-firestore-emulator-v1.19.8.jar..."}}
[debug] [2024-10-31T03:56:42.699Z] >>> [apiv2][query] GET https://storage.googleapis.com/firebase-preview-drop/emulator/cloud-firestore-emulator-v1.19.8.jar 
[debug] [2024-10-31T03:56:43.097Z] <<< [apiv2][status] GET https://storage.googleapis.com/firebase-preview-drop/emulator/cloud-firestore-emulator-v1.19.8.jar 200
[debug] [2024-10-31T03:56:43.098Z] <<< [apiv2][body] GET https://storage.googleapis.com/firebase-preview-drop/emulator/cloud-firestore-emulator-v1.19.8.jar [stream]
[debug] [2024-10-31T03:56:48.817Z] Ignoring unsupported arg: auto_download {"metadata":{"emulator":{"name":"firestore"},"message":"Ignoring unsupported arg: auto_download"}}
[debug] [2024-10-31T03:56:48.818Z] Ignoring unsupported arg: single_project_mode_error {"metadata":{"emulator":{"name":"firestore"},"message":"Ignoring unsupported arg: single_project_mode_error"}}
[debug] [2024-10-31T03:56:48.818Z] Starting Firestore Emulator with command {"binary":"java","args":["-Dgoogle.cloud_firestore.debug_log_level=FINE","-Duser.language=en","-jar","C:\\Users\\User\\.cache\\firebase\\emulators\\cloud-firestore-emulator-v1.19.8.jar","--host","127.0.0.1","--port",8080,"--websocket_port",9150,"--project_id","proyect-40616","--rules","D:\\repos\\ProyectFinal\\frontend\\firestore.rules","--single_project_mode",true],"optionalArgs":["port","webchannel_port","host","rules","websocket_port","functions_emulator","seed_from_export","project_id","single_project_mode"],"joinArgs":false,"shell":false,"port":8080} {"metadata":{"emulator":{"name":"firestore"},"message":"Starting Firestore Emulator with command {\"binary\":\"java\",\"args\":[\"-Dgoogle.cloud_firestore.debug_log_level=FINE\",\"-Duser.language=en\",\"-jar\",\"C:\\\\Users\\\\User\\\\.cache\\\\firebase\\\\emulators\\\\cloud-firestore-emulator-v1.19.8.jar\",\"--host\",\"127.0.0.1\",\"--port\",8080,\"--websocket_port\",9150,\"--project_id\",\"proyect-40616\",\"--rules\",\"D:\\\\repos\\\\ProyectFinal\\\\frontend\\\\firestore.rules\",\"--single_project_mode\",true],\"optionalArgs\":[\"port\",\"webchannel_port\",\"host\",\"rules\",\"websocket_port\",\"functions_emulator\",\"seed_from_export\",\"project_id\",\"single_project_mode\"],\"joinArgs\":false,\"shell\":false,\"port\":8080}"}}
[info] i  firestore: Firestore Emulator logging to firestore-debug.log {"metadata":{"emulator":{"name":"firestore"},"message":"Firestore Emulator logging to \u001b[1mfirestore-debug.log\u001b[22m"}}
[info] +  firestore: Firestore Emulator UI websocket is running on 9150. {"metadata":{"emulator":{"name":"firestore"},"message":"Firestore Emulator UI websocket is running on 9150."}}
[info] i  storage: downloading cloud-storage-rules-runtime-v1.1.3.jar... {"metadata":{"emulator":{"name":"storage"},"message":"downloading cloud-storage-rules-runtime-v1.1.3.jar..."}}
[debug] [2024-10-31T03:56:51.820Z] >>> [apiv2][query] GET https://storage.googleapis.com/firebase-preview-drop/emulator/cloud-storage-rules-runtime-v1.1.3.jar 
[debug] [2024-10-31T03:56:52.097Z] <<< [apiv2][status] GET https://storage.googleapis.com/firebase-preview-drop/emulator/cloud-storage-rules-runtime-v1.1.3.jar 200
[debug] [2024-10-31T03:56:52.097Z] <<< [apiv2][body] GET https://storage.googleapis.com/firebase-preview-drop/emulator/cloud-storage-rules-runtime-v1.1.3.jar [stream]
[debug] [2024-10-31T03:56:57.167Z] Ignoring unsupported arg: port {"metadata":{"emulator":{"name":"storage"},"message":"Ignoring unsupported arg: port"}}
[debug] [2024-10-31T03:56:58.727Z] Temp file directory for storage emulator: C:\Users\User\AppData\Local\Temp/firebase/storage/blobs {"metadata":{"emulator":{"name":"storage"},"message":"Temp file directory for storage emulator: C:\\Users\\User\\AppData\\Local\\Temp/firebase/storage/blobs"}}
[debug] [2024-10-31T03:56:58.754Z] Checked if tokens are valid: true, expires at: 1730348419000
[debug] [2024-10-31T03:56:58.754Z] Checked if tokens are valid: true, expires at: 1730348419000
[debug] [2024-10-31T03:56:58.756Z] >>> [apiv2][query] GET https://firebasehosting.googleapis.com/v1beta1/projects/proyect-40616/sites 
[debug] [2024-10-31T03:56:59.931Z] <<< [apiv2][status] GET https://firebasehosting.googleapis.com/v1beta1/projects/proyect-40616/sites 200
[debug] [2024-10-31T03:56:59.931Z] <<< [apiv2][body] GET https://firebasehosting.googleapis.com/v1beta1/projects/proyect-40616/sites {"sites":[{"name":"projects/proyect-40616/sites/proyect-40616","defaultUrl":"https://proyect-40616.web.app","appId":"1:897673344599:web:478a798e07cf3b565fd512","type":"DEFAULT_SITE"}]}
[debug] [2024-10-31T03:56:59.931Z] Checked if tokens are valid: true, expires at: 1730348419000
[debug] [2024-10-31T03:56:59.931Z] Checked if tokens are valid: true, expires at: 1730348419000
[debug] [2024-10-31T03:56:59.932Z] >>> [apiv2][query] GET https://firebase.googleapis.com/v1beta1/projects/proyect-40616/webApps/1:897673344599:web:478a798e07cf3b565fd512/config [none]
[debug] [2024-10-31T03:57:00.841Z] <<< [apiv2][status] GET https://firebase.googleapis.com/v1beta1/projects/proyect-40616/webApps/1:897673344599:web:478a798e07cf3b565fd512/config 200
[debug] [2024-10-31T03:57:00.841Z] <<< [apiv2][body] GET https://firebase.googleapis.com/v1beta1/projects/proyect-40616/webApps/1:897673344599:web:478a798e07cf3b565fd512/config {"projectId":"proyect-40616","appId":"1:897673344599:web:478a798e07cf3b565fd512","storageBucket":"proyect-40616.appspot.com","locationId":"us-central","apiKey":"AIzaSyCnx59Xkg5sCCUKW8GBZmSaBSIZXI5uVA4","authDomain":"proyect-40616.firebaseapp.com","messagingSenderId":"897673344599","measurementId":"G-4Z9GYZ6G07"}
[debug] [2024-10-31T03:57:00.863Z] Checked if tokens are valid: true, expires at: 1730348419000
[debug] [2024-10-31T03:57:00.863Z] Checked if tokens are valid: true, expires at: 1730348419000
[debug] [2024-10-31T03:57:00.864Z] >>> [apiv2][query] GET https://firebase.googleapis.com/v1beta1/projects/proyect-40616 [none]
[debug] [2024-10-31T03:57:01.151Z] <<< [apiv2][status] GET https://firebase.googleapis.com/v1beta1/projects/proyect-40616 200
[debug] [2024-10-31T03:57:01.151Z] <<< [apiv2][body] GET https://firebase.googleapis.com/v1beta1/projects/proyect-40616 {"projectId":"proyect-40616","projectNumber":"897673344599","displayName":"Proyect","name":"projects/proyect-40616","resources":{"hostingSite":"proyect-40616","storageBucket":"proyect-40616.appspot.com","locationId":"us-central"},"state":"ACTIVE","etag":"1_17ecbeb7-23e6-409c-b46d-7b8283dcb3d4"}
[info] i  hosting[proyect-40616]: Serving hosting files from: build {"metadata":{"emulator":{"name":"hosting"},"message":"Serving hosting files from: \u001b[1mbuild\u001b[22m"}}
[info] +  hosting[proyect-40616]: Local server: http://127.0.0.1:5000 {"metadata":{"emulator":{"name":"hosting"},"message":"Local server: \u001b[4m\u001b[1mhttp://127.0.0.1:5000\u001b[22m\u001b[24m"}}
[info] i  ui: downloading ui-v1.14.0.zip... {"metadata":{"emulator":{"name":"ui"},"message":"downloading ui-v1.14.0.zip..."}}
[debug] [2024-10-31T03:57:01.199Z] >>> [apiv2][query] GET https://storage.googleapis.com/firebase-preview-drop/emulator/ui-v1.14.0.zip 
[debug] [2024-10-31T03:57:01.385Z] <<< [apiv2][status] GET https://storage.googleapis.com/firebase-preview-drop/emulator/ui-v1.14.0.zip 200
[debug] [2024-10-31T03:57:01.385Z] <<< [apiv2][body] GET https://storage.googleapis.com/firebase-preview-drop/emulator/ui-v1.14.0.zip [stream]
[debug] [2024-10-31T03:57:01.689Z] Data is 3615311
[debug] [2024-10-31T03:57:01.690Z] [unzip] Entry: client/ (compressed_size=0 bytes, uncompressed_size=0 bytes)
[debug] [2024-10-31T03:57:01.691Z] [unzip] Processing entry: client\
[debug] [2024-10-31T03:57:01.691Z] [unzip] mkdir: C:\Users\User\.cache\firebase\emulators\ui-v1.14.0\client\
[debug] [2024-10-31T03:57:01.693Z] [unzip] Entry: client/favicon-16x16.png (compressed_size=293 bytes, uncompressed_size=293 bytes)
[debug] [2024-10-31T03:57:01.693Z] [unzip] Processing entry: client\favicon-16x16.png
[debug] [2024-10-31T03:57:01.694Z] [unzip] else mkdir: C:\Users\User\.cache\firebase\emulators\ui-v1.14.0\client
[debug] [2024-10-31T03:57:01.694Z] [unzip] Writing file: C:\Users\User\.cache\firebase\emulators\ui-v1.14.0\client\favicon-16x16.png
[debug] [2024-10-31T03:57:01.697Z] [unzip] Entry: client/safari-pinned-tab.svg (compressed_size=1433 bytes, uncompressed_size=2611 bytes)
[debug] [2024-10-31T03:57:01.697Z] [unzip] Processing entry: client\safari-pinned-tab.svg
[debug] [2024-10-31T03:57:01.697Z] [unzip] else mkdir: C:\Users\User\.cache\firebase\emulators\ui-v1.14.0\client
[debug] [2024-10-31T03:57:01.698Z] [unzip] deflating: C:\Users\User\.cache\firebase\emulators\ui-v1.14.0\client\safari-pinned-tab.svg
[debug] [2024-10-31T03:57:01.707Z] [unzip] Entry: client/favicon.ico (compressed_size=2933 bytes, uncompressed_size=13294 bytes)
[debug] [2024-10-31T03:57:01.707Z] [unzip] Processing entry: client\favicon.ico
[debug] [2024-10-31T03:57:01.707Z] [unzip] else mkdir: C:\Users\User\.cache\firebase\emulators\ui-v1.14.0\client
[debug] [2024-10-31T03:57:01.708Z] [unzip] deflating: C:\Users\User\.cache\firebase\emulators\ui-v1.14.0\client\favicon.ico
[debug] [2024-10-31T03:57:01.711Z] [unzip] Entry: client/index.html (compressed_size=1363 bytes, uncompressed_size=3071 bytes)
[debug] [2024-10-31T03:57:01.711Z] [unzip] Processing entry: client\index.html
[debug] [2024-10-31T03:57:01.711Z] [unzip] else mkdir: C:\Users\User\.cache\firebase\emulators\ui-v1.14.0\client
[debug] [2024-10-31T03:57:01.712Z] [unzip] deflating: C:\Users\User\.cache\firebase\emulators\ui-v1.14.0\client\index.html
[debug] [2024-10-31T03:57:01.717Z] [unzip] Entry: client/android-chrome-192x192.png (compressed_size=2684 bytes, uncompressed_size=2684 bytes)
[debug] [2024-10-31T03:57:01.717Z] [unzip] Processing entry: client\android-chrome-192x192.png
[debug] [2024-10-31T03:57:01.717Z] [unzip] else mkdir: C:\Users\User\.cache\firebase\emulators\ui-v1.14.0\client
[debug] [2024-10-31T03:57:01.718Z] [unzip] Writing file: C:\Users\User\.cache\firebase\emulators\ui-v1.14.0\client\android-chrome-192x192.png
[debug] [2024-10-31T03:57:01.720Z] [unzip] Entry: client/apple-touch-icon.png (compressed_size=2123 bytes, uncompressed_size=2152 bytes)
[debug] [2024-10-31T03:57:01.720Z] [unzip] Processing entry: client\apple-touch-icon.png
[debug] [2024-10-31T03:57:01.720Z] [unzip] else mkdir: C:\Users\User\.cache\firebase\emulators\ui-v1.14.0\client
[debug] [2024-10-31T03:57:01.721Z] [unzip] deflating: C:\Users\User\.cache\firebase\emulators\ui-v1.14.0\client\apple-touch-icon.png
[debug] [2024-10-31T03:57:01.724Z] [unzip] Entry: client/android-chrome-512x512.png (compressed_size=5369 bytes, uncompressed_size=5411 bytes)
[debug] [2024-10-31T03:57:01.724Z] [unzip] Processing entry: client\android-chrome-512x512.png
[debug] [2024-10-31T03:57:01.724Z] [unzip] else mkdir: C:\Users\User\.cache\firebase\emulators\ui-v1.14.0\client
[debug] [2024-10-31T03:57:01.724Z] [unzip] deflating: C:\Users\User\.cache\firebase\emulators\ui-v1.14.0\client\android-chrome-512x512.png
[debug] [2024-10-31T03:57:01.727Z] [unzip] Entry: client/manifest.json (compressed_size=245 bytes, uncompressed_size=551 bytes)
[debug] [2024-10-31T03:57:01.727Z] [unzip] Processing entry: client\manifest.json
[debug] [2024-10-31T03:57:01.727Z] [unzip] else mkdir: C:\Users\User\.cache\firebase\emulators\ui-v1.14.0\client
[debug] [2024-10-31T03:57:01.728Z] [unzip] deflating: C:\Users\User\.cache\firebase\emulators\ui-v1.14.0\client\manifest.json
[debug] [2024-10-31T03:57:01.731Z] [unzip] Entry: client/robots.txt (compressed_size=26 bytes, uncompressed_size=26 bytes)
[debug] [2024-10-31T03:57:01.731Z] [unzip] Processing entry: client\robots.txt
[debug] [2024-10-31T03:57:01.731Z] [unzip] else mkdir: C:\Users\User\.cache\firebase\emulators\ui-v1.14.0\client
[debug] [2024-10-31T03:57:01.732Z] [unzip] Writing file: C:\Users\User\.cache\firebase\emulators\ui-v1.14.0\client\robots.txt
[debug] [2024-10-31T03:57:01.734Z] [unzip] Entry: client/mstile-150x150.png (compressed_size=2034 bytes, uncompressed_size=2034 bytes)
[debug] [2024-10-31T03:57:01.734Z] [unzip] Processing entry: client\mstile-150x150.png
[debug] [2024-10-31T03:57:01.734Z] [unzip] else mkdir: C:\Users\User\.cache\firebase\emulators\ui-v1.14.0\client
[debug] [2024-10-31T03:57:01.735Z] [unzip] Writing file: C:\Users\User\.cache\firebase\emulators\ui-v1.14.0\client\mstile-150x150.png
[debug] [2024-10-31T03:57:01.736Z] [unzip] Entry: client/assets/ (compressed_size=0 bytes, uncompressed_size=0 bytes)
[debug] [2024-10-31T03:57:01.737Z] [unzip] Processing entry: client\assets\
[debug] [2024-10-31T03:57:01.737Z] [unzip] mkdir: C:\Users\User\.cache\firebase\emulators\ui-v1.14.0\client\assets\
[debug] [2024-10-31T03:57:01.737Z] [unzip] Entry: client/assets/index-ClZTY_JS.js.map (compressed_size=2328270 bytes, uncompressed_size=9947004 bytes)
[debug] [2024-10-31T03:57:01.738Z] [unzip] Processing entry: client\assets\index-ClZTY_JS.js.map
[debug] [2024-10-31T03:57:01.738Z] [unzip] else mkdir: C:\Users\User\.cache\firebase\emulators\ui-v1.14.0\client\assets
[debug] [2024-10-31T03:57:01.738Z] [unzip] deflating: C:\Users\User\.cache\firebase\emulators\ui-v1.14.0\client\assets\index-ClZTY_JS.js.map
[debug] [2024-10-31T03:57:01.869Z] [unzip] Entry: client/assets/index-ClZTY_JS.js (compressed_size=567195 bytes, uncompressed_size=2035940 bytes)
[debug] [2024-10-31T03:57:01.870Z] [unzip] Processing entry: client\assets\index-ClZTY_JS.js
[debug] [2024-10-31T03:57:01.870Z] [unzip] else mkdir: C:\Users\User\.cache\firebase\emulators\ui-v1.14.0\client\assets
[debug] [2024-10-31T03:57:01.870Z] [unzip] deflating: C:\Users\User\.cache\firebase\emulators\ui-v1.14.0\client\assets\index-ClZTY_JS.js
[debug] [2024-10-31T03:57:01.892Z] [unzip] Entry: client/assets/index-BdgySamB.css (compressed_size=35979 bytes, uncompressed_size=298654 bytes)
[debug] [2024-10-31T03:57:01.892Z] [unzip] Processing entry: client\assets\index-BdgySamB.css
[debug] [2024-10-31T03:57:01.893Z] [unzip] else mkdir: C:\Users\User\.cache\firebase\emulators\ui-v1.14.0\client\assets
[debug] [2024-10-31T03:57:01.893Z] [unzip] deflating: C:\Users\User\.cache\firebase\emulators\ui-v1.14.0\client\assets\index-BdgySamB.css
[debug] [2024-10-31T03:57:01.910Z] [unzip] Entry: client/assets/extensions/ (compressed_size=0 bytes, uncompressed_size=0 bytes)
[debug] [2024-10-31T03:57:01.910Z] [unzip] Processing entry: client\assets\extensions\
[debug] [2024-10-31T03:57:01.910Z] [unzip] mkdir: C:\Users\User\.cache\firebase\emulators\ui-v1.14.0\client\assets\extensions\
[debug] [2024-10-31T03:57:01.911Z] [unzip] Entry: client/assets/extensions/default-extension.png (compressed_size=1646 bytes, uncompressed_size=1657 bytes)
[debug] [2024-10-31T03:57:01.911Z] [unzip] Processing entry: client\assets\extensions\default-extension.png
[debug] [2024-10-31T03:57:01.911Z] [unzip] else mkdir: C:\Users\User\.cache\firebase\emulators\ui-v1.14.0\client\assets\extensions
[debug] [2024-10-31T03:57:01.912Z] [unzip] deflating: C:\Users\User\.cache\firebase\emulators\ui-v1.14.0\client\assets\extensions\default-extension.png
[debug] [2024-10-31T03:57:01.915Z] [unzip] Entry: client/assets/img/ (compressed_size=0 bytes, uncompressed_size=0 bytes)
[debug] [2024-10-31T03:57:01.915Z] [unzip] Processing entry: client\assets\img\
[debug] [2024-10-31T03:57:01.915Z] [unzip] mkdir: C:\Users\User\.cache\firebase\emulators\ui-v1.14.0\client\assets\img\
[debug] [2024-10-31T03:57:01.916Z] [unzip] Entry: client/assets/img/database.png (compressed_size=29449 bytes, uncompressed_size=29988 bytes)
[debug] [2024-10-31T03:57:01.916Z] [unzip] Processing entry: client\assets\img\database.png
[debug] [2024-10-31T03:57:01.916Z] [unzip] else mkdir: C:\Users\User\.cache\firebase\emulators\ui-v1.14.0\client\assets\img
[debug] [2024-10-31T03:57:01.917Z] [unzip] deflating: C:\Users\User\.cache\firebase\emulators\ui-v1.14.0\client\assets\img\database.png
[debug] [2024-10-31T03:57:01.920Z] [unzip] Entry: client/assets/provider-icons/ (compressed_size=0 bytes, uncompressed_size=0 bytes)
[debug] [2024-10-31T03:57:01.920Z] [unzip] Processing entry: client\assets\provider-icons\
[debug] [2024-10-31T03:57:01.920Z] [unzip] mkdir: C:\Users\User\.cache\firebase\emulators\ui-v1.14.0\client\assets\provider-icons\
[debug] [2024-10-31T03:57:01.922Z] [unzip] Entry: client/assets/provider-icons/auth_service_saml.svg (compressed_size=575 bytes, uncompressed_size=1226 bytes)
[debug] [2024-10-31T03:57:01.922Z] [unzip] Processing entry: client\assets\provider-icons\auth_service_saml.svg
[debug] [2024-10-31T03:57:01.922Z] [unzip] else mkdir: C:\Users\User\.cache\firebase\emulators\ui-v1.14.0\client\assets\provider-icons
[debug] [2024-10-31T03:57:01.923Z] [unzip] deflating: C:\Users\User\.cache\firebase\emulators\ui-v1.14.0\client\assets\provider-icons\auth_service_saml.svg
[debug] [2024-10-31T03:57:01.925Z] [unzip] Entry: client/assets/provider-icons/auth_service_phone.svg (compressed_size=261 bytes, uncompressed_size=414 bytes)
[debug] [2024-10-31T03:57:01.926Z] [unzip] Processing entry: client\assets\provider-icons\auth_service_phone.svg
[debug] [2024-10-31T03:57:01.926Z] [unzip] else mkdir: C:\Users\User\.cache\firebase\emulators\ui-v1.14.0\client\assets\provider-icons
[debug] [2024-10-31T03:57:01.926Z] [unzip] deflating: C:\Users\User\.cache\firebase\emulators\ui-v1.14.0\client\assets\provider-icons\auth_service_phone.svg
[debug] [2024-10-31T03:57:01.929Z] [unzip] Entry: client/assets/provider-icons/auth_service_facebook.svg (compressed_size=289 bytes, uncompressed_size=457 bytes)
[debug] [2024-10-31T03:57:01.929Z] [unzip] Processing entry: client\assets\provider-icons\auth_service_facebook.svg
[debug] [2024-10-31T03:57:01.929Z] [unzip] else mkdir: C:\Users\User\.cache\firebase\emulators\ui-v1.14.0\client\assets\provider-icons
[debug] [2024-10-31T03:57:01.929Z] [unzip] deflating: C:\Users\User\.cache\firebase\emulators\ui-v1.14.0\client\assets\provider-icons\auth_service_facebook.svg
[debug] [2024-10-31T03:57:01.933Z] [unzip] Entry: client/assets/provider-icons/auth_service_game_center.svg (compressed_size=991 bytes, uncompressed_size=3921 bytes)
[debug] [2024-10-31T03:57:01.933Z] [unzip] Processing entry: client\assets\provider-icons\auth_service_game_center.svg
[debug] [2024-10-31T03:57:01.933Z] [unzip] else mkdir: C:\Users\User\.cache\firebase\emulators\ui-v1.14.0\client\assets\provider-icons
[debug] [2024-10-31T03:57:01.933Z] [unzip] deflating: C:\Users\User\.cache\firebase\emulators\ui-v1.14.0\client\assets\provider-icons\auth_service_game_center.svg
[debug] [2024-10-31T03:57:01.936Z] [unzip] Entry: client/assets/provider-icons/auth_service_apple.svg (compressed_size=230 bytes, uncompressed_size=334 bytes)
[debug] [2024-10-31T03:57:01.937Z] [unzip] Processing entry: client\assets\provider-icons\auth_service_apple.svg
[debug] [2024-10-31T03:57:01.937Z] [unzip] else mkdir: C:\Users\User\.cache\firebase\emulators\ui-v1.14.0\client\assets\provider-icons
[debug] [2024-10-31T03:57:01.937Z] [unzip] deflating: C:\Users\User\.cache\firebase\emulators\ui-v1.14.0\client\assets\provider-icons\auth_service_apple.svg
[debug] [2024-10-31T03:57:01.940Z] [unzip] Entry: client/assets/provider-icons/auth_service_github.svg (compressed_size=466 bytes, uncompressed_size=838 bytes)
[debug] [2024-10-31T03:57:01.940Z] [unzip] Processing entry: client\assets\provider-icons\auth_service_github.svg
[debug] [2024-10-31T03:57:01.940Z] [unzip] else mkdir: C:\Users\User\.cache\firebase\emulators\ui-v1.14.0\client\assets\provider-icons
[debug] [2024-10-31T03:57:01.941Z] [unzip] deflating: C:\Users\User\.cache\firebase\emulators\ui-v1.14.0\client\assets\provider-icons\auth_service_github.svg
[debug] [2024-10-31T03:57:01.943Z] [unzip] Entry: client/assets/provider-icons/auth_service_mslive.svg (compressed_size=203 bytes, uncompressed_size=378 bytes)
[debug] [2024-10-31T03:57:01.943Z] [unzip] Processing entry: client\assets\provider-icons\auth_service_mslive.svg
[debug] [2024-10-31T03:57:01.943Z] [unzip] else mkdir: C:\Users\User\.cache\firebase\emulators\ui-v1.14.0\client\assets\provider-icons
[debug] [2024-10-31T03:57:01.944Z] [unzip] deflating: C:\Users\User\.cache\firebase\emulators\ui-v1.14.0\client\assets\provider-icons\auth_service_mslive.svg
[debug] [2024-10-31T03:57:01.946Z] [unzip] Entry: client/assets/provider-icons/auth_service_yahoo.svg (compressed_size=577 bytes, uncompressed_size=1182 bytes)
[debug] [2024-10-31T03:57:01.946Z] [unzip] Processing entry: client\assets\provider-icons\auth_service_yahoo.svg
[debug] [2024-10-31T03:57:01.946Z] [unzip] else mkdir: C:\Users\User\.cache\firebase\emulators\ui-v1.14.0\client\assets\provider-icons
[debug] [2024-10-31T03:57:01.947Z] [unzip] deflating: C:\Users\User\.cache\firebase\emulators\ui-v1.14.0\client\assets\provider-icons\auth_service_yahoo.svg
[debug] [2024-10-31T03:57:01.950Z] [unzip] Entry: client/assets/provider-icons/auth_service_twitter.svg (compressed_size=444 bytes, uncompressed_size=751 bytes)
[debug] [2024-10-31T03:57:01.950Z] [unzip] Processing entry: client\assets\provider-icons\auth_service_twitter.svg
[debug] [2024-10-31T03:57:01.950Z] [unzip] else mkdir: C:\Users\User\.cache\firebase\emulators\ui-v1.14.0\client\assets\provider-icons
[debug] [2024-10-31T03:57:01.950Z] [unzip] deflating: C:\Users\User\.cache\firebase\emulators\ui-v1.14.0\client\assets\provider-icons\auth_service_twitter.svg
[debug] [2024-10-31T03:57:01.953Z] [unzip] Entry: client/assets/provider-icons/auth_service_play_games.svg (compressed_size=565 bytes, uncompressed_size=1173 bytes)
[debug] [2024-10-31T03:57:01.953Z] [unzip] Processing entry: client\assets\provider-icons\auth_service_play_games.svg
[debug] [2024-10-31T03:57:01.953Z] [unzip] else mkdir: C:\Users\User\.cache\firebase\emulators\ui-v1.14.0\client\assets\provider-icons
[debug] [2024-10-31T03:57:01.954Z] [unzip] deflating: C:\Users\User\.cache\firebase\emulators\ui-v1.14.0\client\assets\provider-icons\auth_service_play_games.svg
[debug] [2024-10-31T03:57:01.956Z] [unzip] Entry: client/assets/provider-icons/auth_service_email.svg (compressed_size=228 bytes, uncompressed_size=326 bytes)
[debug] [2024-10-31T03:57:01.957Z] [unzip] Processing entry: client\assets\provider-icons\auth_service_email.svg
[debug] [2024-10-31T03:57:01.957Z] [unzip] else mkdir: C:\Users\User\.cache\firebase\emulators\ui-v1.14.0\client\assets\provider-icons
[debug] [2024-10-31T03:57:01.957Z] [unzip] deflating: C:\Users\User\.cache\firebase\emulators\ui-v1.14.0\client\assets\provider-icons\auth_service_email.svg
[debug] [2024-10-31T03:57:01.959Z] [unzip] Entry: client/assets/provider-icons/auth_service_google.svg (compressed_size=409 bytes, uncompressed_size=720 bytes)
[debug] [2024-10-31T03:57:01.960Z] [unzip] Processing entry: client\assets\provider-icons\auth_service_google.svg
[debug] [2024-10-31T03:57:01.960Z] [unzip] else mkdir: C:\Users\User\.cache\firebase\emulators\ui-v1.14.0\client\assets\provider-icons
[debug] [2024-10-31T03:57:01.960Z] [unzip] deflating: C:\Users\User\.cache\firebase\emulators\ui-v1.14.0\client\assets\provider-icons\auth_service_google.svg
[debug] [2024-10-31T03:57:01.963Z] [unzip] Entry: client/assets/provider-icons/auth_service_oidc.svg (compressed_size=414 bytes, uncompressed_size=858 bytes)
[debug] [2024-10-31T03:57:01.963Z] [unzip] Processing entry: client\assets\provider-icons\auth_service_oidc.svg
[debug] [2024-10-31T03:57:01.963Z] [unzip] else mkdir: C:\Users\User\.cache\firebase\emulators\ui-v1.14.0\client\assets\provider-icons
[debug] [2024-10-31T03:57:01.964Z] [unzip] deflating: C:\Users\User\.cache\firebase\emulators\ui-v1.14.0\client\assets\provider-icons\auth_service_oidc.svg
[debug] [2024-10-31T03:57:01.966Z] [unzip] Entry: client/browserconfig.xml (compressed_size=491 bytes, uncompressed_size=822 bytes)
[debug] [2024-10-31T03:57:01.967Z] [unzip] Processing entry: client\browserconfig.xml
[debug] [2024-10-31T03:57:01.967Z] [unzip] else mkdir: C:\Users\User\.cache\firebase\emulators\ui-v1.14.0\client
[debug] [2024-10-31T03:57:01.967Z] [unzip] deflating: C:\Users\User\.cache\firebase\emulators\ui-v1.14.0\client\browserconfig.xml
[debug] [2024-10-31T03:57:01.970Z] [unzip] Entry: client/favicon-32x32.png (compressed_size=475 bytes, uncompressed_size=475 bytes)
[debug] [2024-10-31T03:57:01.970Z] [unzip] Processing entry: client\favicon-32x32.png
[debug] [2024-10-31T03:57:01.971Z] [unzip] else mkdir: C:\Users\User\.cache\firebase\emulators\ui-v1.14.0\client
[debug] [2024-10-31T03:57:01.971Z] [unzip] Writing file: C:\Users\User\.cache\firebase\emulators\ui-v1.14.0\client\favicon-32x32.png
[debug] [2024-10-31T03:57:01.973Z] [unzip] Entry: server/ (compressed_size=0 bytes, uncompressed_size=0 bytes)
[debug] [2024-10-31T03:57:01.973Z] [unzip] Processing entry: server\
[debug] [2024-10-31T03:57:01.973Z] [unzip] mkdir: C:\Users\User\.cache\firebase\emulators\ui-v1.14.0\server\
[debug] [2024-10-31T03:57:01.974Z] [unzip] Entry: server/server.mjs.map (compressed_size=296496 bytes, uncompressed_size=1355667 bytes)
[debug] [2024-10-31T03:57:01.975Z] [unzip] Processing entry: server\server.mjs.map
[debug] [2024-10-31T03:57:01.975Z] [unzip] else mkdir: C:\Users\User\.cache\firebase\emulators\ui-v1.14.0\server
[debug] [2024-10-31T03:57:01.975Z] [unzip] deflating: C:\Users\User\.cache\firebase\emulators\ui-v1.14.0\server\server.mjs.map
[debug] [2024-10-31T03:57:01.989Z] [unzip] Entry: server/server.mjs (compressed_size=315701 bytes, uncompressed_size=1172682 bytes)
[debug] [2024-10-31T03:57:01.989Z] [unzip] Processing entry: server\server.mjs
[debug] [2024-10-31T03:57:01.990Z] [unzip] else mkdir: C:\Users\User\.cache\firebase\emulators\ui-v1.14.0\server
[debug] [2024-10-31T03:57:01.990Z] [unzip] deflating: C:\Users\User\.cache\firebase\emulators\ui-v1.14.0\server\server.mjs
[debug] [2024-10-31T03:57:02.004Z] [unzip] Entry: server/assets/ (compressed_size=0 bytes, uncompressed_size=0 bytes)
[debug] [2024-10-31T03:57:02.004Z] [unzip] Processing entry: server\assets\
[debug] [2024-10-31T03:57:02.004Z] [unzip] mkdir: C:\Users\User\.cache\firebase\emulators\ui-v1.14.0\server\assets\
[debug] [2024-10-31T03:57:02.005Z] [unzip] Entry: server/assets/multipart-parser-DGCUZdXu.mjs.map (compressed_size=4791 bytes, uncompressed_size=17918 bytes)
[debug] [2024-10-31T03:57:02.005Z] [unzip] Processing entry: server\assets\multipart-parser-DGCUZdXu.mjs.map
[debug] [2024-10-31T03:57:02.005Z] [unzip] else mkdir: C:\Users\User\.cache\firebase\emulators\ui-v1.14.0\server\assets
[debug] [2024-10-31T03:57:02.006Z] [unzip] deflating: C:\Users\User\.cache\firebase\emulators\ui-v1.14.0\server\assets\multipart-parser-DGCUZdXu.mjs.map
[debug] [2024-10-31T03:57:02.008Z] [unzip] Entry: server/assets/multipart-parser-DGCUZdXu.mjs (compressed_size=2621 bytes, uncompressed_size=10390 bytes)
[debug] [2024-10-31T03:57:02.008Z] [unzip] Processing entry: server\assets\multipart-parser-DGCUZdXu.mjs
[debug] [2024-10-31T03:57:02.009Z] [unzip] else mkdir: C:\Users\User\.cache\firebase\emulators\ui-v1.14.0\server\assets
[debug] [2024-10-31T03:57:02.009Z] [unzip] deflating: C:\Users\User\.cache\firebase\emulators\ui-v1.14.0\server\assets\multipart-parser-DGCUZdXu.mjs
[debug] [2024-10-31T03:57:02.012Z] Ignoring unsupported arg: auto_download {"metadata":{"emulator":{"name":"ui"},"message":"Ignoring unsupported arg: auto_download"}}
[debug] [2024-10-31T03:57:02.012Z] Ignoring unsupported arg: port {"metadata":{"emulator":{"name":"ui"},"message":"Ignoring unsupported arg: port"}}
[debug] [2024-10-31T03:57:02.012Z] Starting Emulator UI with command {"binary":"node","args":["C:\\Users\\User\\.cache\\firebase\\emulators\\ui-v1.14.0\\server\\server.mjs"],"optionalArgs":[],"joinArgs":false,"shell":false,"port":4000} {"metadata":{"emulator":{"name":"ui"},"message":"Starting Emulator UI with command {\"binary\":\"node\",\"args\":[\"C:\\\\Users\\\\User\\\\.cache\\\\firebase\\\\emulators\\\\ui-v1.14.0\\\\server\\\\server.mjs\"],\"optionalArgs\":[],\"joinArgs\":false,\"shell\":false,\"port\":4000}"}}
[info] i  ui: Emulator UI logging to ui-debug.log {"metadata":{"emulator":{"name":"ui"},"message":"Emulator UI logging to \u001b[1mui-debug.log\u001b[22m"}}
[debug] [2024-10-31T03:57:02.311Z] Web / API server started at 127.0.0.1:4000
 {"metadata":{"emulator":{"name":"ui"},"message":"Web / API server started at 127.0.0.1:4000\n"}}
[debug] [2024-10-31T03:57:02.311Z] Web / API server started at ::1:4000
 {"metadata":{"emulator":{"name":"ui"},"message":"Web / API server started at ::1:4000\n"}}
[debug] [2024-10-31T03:57:02.446Z] Could not find VSCode notification endpoint: FetchError: request to http://localhost:40001/vscode/notify failed, reason: . If you are not running the Firebase Data Connect VSCode extension, this is expected and not an issue.
[info] 
┌─────────────────────────────────────────────────────────────┐
│ ✔  All emulators ready! It is now safe to connect your app. │
│ i  View Emulator UI at http://127.0.0.1:4000/               │
└─────────────────────────────────────────────────────────────┘

┌───────────┬────────────────┬─────────────────────────────────┐
│ Emulator  │ Host:Port      │ View in Emulator UI             │
├───────────┼────────────────┼─────────────────────────────────┤
│ Firestore │ 127.0.0.1:8080 │ http://127.0.0.1:4000/firestore │
├───────────┼────────────────┼─────────────────────────────────┤
│ Hosting   │ 127.0.0.1:5000 │ n/a                             │
├───────────┼────────────────┼─────────────────────────────────┤
│ Storage   │ 127.0.0.1:9199 │ http://127.0.0.1:4000/storage   │
└───────────┴────────────────┴─────────────────────────────────┘
  Emulator Hub running at 127.0.0.1:4400
  Other reserved ports: 4500, 9150

Issues? Report them at https://github.com/firebase/firebase-tools/issues and attach the *-debug.log files.
 
